<?xml version="1.0" encoding="UTF-8"?>
<testng-results ignored="0" total="2" passed="2" failed="0" skipped="0">
  <reporter-output>
  </reporter-output>
  <suite started-at="2024-03-31T14:17:12 IST" name="Default suite" finished-at="2024-03-31T14:17:37 IST" duration-ms="24369">
    <groups>
    </groups>
    <test started-at="2024-03-31T14:17:12 IST" name="Default test" finished-at="2024-03-31T14:17:37 IST" duration-ms="24369">
      <class name="OrangeHRMLive.ActionClasses.LoginAction">
        <test-method is-config="true" signature="setup()[pri:0, instance:OrangeHRMLive.ActionClasses.LoginAction@30ee2816]" started-at="2024-03-31T14:17:13 IST" name="setup" finished-at="2024-03-31T14:17:23 IST" duration-ms="10041" status="PASS">
          <reporter-output>
          </reporter-output>
        </test-method> <!-- setup -->
        <test-method signature="LoginTest(java.lang.String,java.lang.String,java.lang.String)[pri:0, instance:OrangeHRMLive.ActionClasses.LoginAction@30ee2816]" started-at="2024-03-31T14:17:23 IST" name="LoginTest" data-provider="LoginDataProvider" finished-at="2024-03-31T14:17:25 IST" duration-ms="1546" status="PASS">
          <params>
            <param index="0">
              <value>
                <![CDATA[Admin]]>
              </value>
            </param>
            <param index="1">
              <value>
                <![CDATA[admin123]]>
              </value>
            </param>
            <param index="2">
              <value>
                <![CDATA[Positive]]>
              </value>
            </param>
          </params>
          <reporter-output>
          </reporter-output>
        </test-method> <!-- LoginTest -->
        <test-method is-config="true" signature="tearDown()[pri:0, instance:OrangeHRMLive.ActionClasses.LoginAction@30ee2816]" started-at="2024-03-31T14:17:25 IST" name="tearDown" finished-at="2024-03-31T14:17:25 IST" duration-ms="951" status="PASS">
          <reporter-output>
          </reporter-output>
        </test-method> <!-- tearDown -->
        <test-method is-config="true" signature="setup()[pri:0, instance:OrangeHRMLive.ActionClasses.LoginAction@30ee2816]" started-at="2024-03-31T14:17:25 IST" name="setup" finished-at="2024-03-31T14:17:35 IST" duration-ms="9318" status="PASS">
          <reporter-output>
          </reporter-output>
        </test-method> <!-- setup -->
        <test-method signature="LoginTest(java.lang.String,java.lang.String,java.lang.String)[pri:0, instance:OrangeHRMLive.ActionClasses.LoginAction@30ee2816]" started-at="2024-03-31T14:17:35 IST" name="LoginTest" data-provider="LoginDataProvider" finished-at="2024-03-31T14:17:36 IST" duration-ms="1165" status="PASS">
          <params>
            <param index="0">
              <value>
                <![CDATA[admin123]]>
              </value>
            </param>
            <param index="1">
              <value>
                <![CDATA[admin123]]>
              </value>
            </param>
            <param index="2">
              <value>
                <![CDATA[Negative]]>
              </value>
            </param>
          </params>
          <reporter-output>
          </reporter-output>
        </test-method> <!-- LoginTest -->
        <test-method is-config="true" signature="tearDown()[pri:0, instance:OrangeHRMLive.ActionClasses.LoginAction@30ee2816]" started-at="2024-03-31T14:17:36 IST" name="tearDown" finished-at="2024-03-31T14:17:37 IST" duration-ms="828" status="PASS">
          <reporter-output>
          </reporter-output>
        </test-method> <!-- tearDown -->
      </class> <!-- OrangeHRMLive.ActionClasses.LoginAction -->
    </test> <!-- Default test -->
  </suite> <!-- Default suite -->
</testng-results>
