<?xml version="1.0" encoding="UTF-8"?>
<testng-results ignored="0" total="1" passed="1" failed="0" skipped="0">
  <reporter-output>
  </reporter-output>
  <suite started-at="2024-03-18T01:46:56 IST" name="Default suite" finished-at="2024-03-18T01:47:12 IST" duration-ms="15392">
    <groups>
    </groups>
    <test started-at="2024-03-18T01:46:56 IST" name="Default test" finished-at="2024-03-18T01:47:12 IST" duration-ms="15392">
      <class name="OrangeHRMLive.ActionClasses.LoginAction">
        <test-method is-config="true" signature="setup()[pri:0, instance:OrangeHRMLive.ActionClasses.LoginAction@1cbbffcd]" started-at="2024-03-18T01:46:56 IST" name="setup" finished-at="2024-03-18T01:47:10 IST" duration-ms="13233" status="PASS">
          <reporter-output>
          </reporter-output>
        </test-method> <!-- setup -->
        <test-method signature="LoginTest()[pri:0, instance:OrangeHRMLive.ActionClasses.LoginAction@1cbbffcd]" started-at="2024-03-18T01:47:10 IST" name="LoginTest" finished-at="2024-03-18T01:47:11 IST" duration-ms="1358" status="PASS">
          <reporter-output>
          </reporter-output>
        </test-method> <!-- LoginTest -->
        <test-method is-config="true" signature="tearDown()[pri:0, instance:OrangeHRMLive.ActionClasses.LoginAction@1cbbffcd]" started-at="2024-03-18T01:47:11 IST" name="tearDown" finished-at="2024-03-18T01:47:12 IST" duration-ms="778" status="PASS">
          <reporter-output>
          </reporter-output>
        </test-method> <!-- tearDown -->
      </class> <!-- OrangeHRMLive.ActionClasses.LoginAction -->
    </test> <!-- Default test -->
  </suite> <!-- Default suite -->
</testng-results>
